  main.cpp
c:\users\hyo\documents\github\nmf\nmfproj\ex\include\obj_parser.h(18): warning C4091: 'typedef ': 변수를 선언하지 않으면 'obj_face' 왼쪽은 무시됩니다.
c:\users\hyo\documents\github\nmf\nmfproj\ex\include\obj_parser.h(27): warning C4091: 'typedef ': 변수를 선언하지 않으면 'obj_sphere' 왼쪽은 무시됩니다.
c:\users\hyo\documents\github\nmf\nmfproj\ex\include\obj_parser.h(36): warning C4091: 'typedef ': 변수를 선언하지 않으면 'obj_plane' 왼쪽은 무시됩니다.
c:\users\hyo\documents\github\nmf\nmfproj\ex\include\obj_parser.h(41): warning C4091: 'typedef ': 변수를 선언하지 않으면 'obj_vector' 왼쪽은 무시됩니다.
c:\users\hyo\documents\github\nmf\nmfproj\ex\include\obj_parser.h(57): warning C4091: 'typedef ': 변수를 선언하지 않으면 'obj_material' 왼쪽은 무시됩니다.
c:\users\hyo\documents\github\nmf\nmfproj\ex\include\obj_parser.h(64): warning C4091: 'typedef ': 변수를 선언하지 않으면 'obj_camera' 왼쪽은 무시됩니다.
c:\users\hyo\documents\github\nmf\nmfproj\ex\include\obj_parser.h(70): warning C4091: 'typedef ': 변수를 선언하지 않으면 'obj_light_point' 왼쪽은 무시됩니다.
c:\users\hyo\documents\github\nmf\nmfproj\ex\include\obj_parser.h(77): warning C4091: 'typedef ': 변수를 선언하지 않으면 'obj_light_disc' 왼쪽은 무시됩니다.
c:\users\hyo\documents\github\nmf\nmfproj\ex\include\obj_parser.h(83): warning C4091: 'typedef ': 변수를 선언하지 않으면 'obj_light_quad' 왼쪽은 무시됩니다.
c:\users\hyo\documents\github\nmf\nmfproj\ex\include\obj_parser.h(106): warning C4091: 'typedef ': 변수를 선언하지 않으면 'obj_growable_scene_data' 왼쪽은 무시됩니다.
c:\users\hyo\documents\github\nmf\nmfproj\ex\include\obj_parser.h(139): warning C4091: 'typedef ': 변수를 선언하지 않으면 'obj_scene_data' 왼쪽은 무시됩니다.
C:\Users\hyo\Documents\GitHub\NMF\NMFproj\EX\include\opencv2/core/mat.hpp(1914): warning C4819: 현재 코드 페이지(949)에서 표시할 수 없는 문자가 파일에 들어 있습니다. 데이터가 손실되지 않게 하려면 해당 파일을 유니코드 형식으로 저장하십시오.
C:\Users\hyo\Documents\GitHub\NMF\NMFproj\EX\include\opencv2/core/persistence.hpp : warning C4819: 현재 코드 페이지(949)에서 표시할 수 없는 문자가 파일에 들어 있습니다. 데이터가 손실되지 않게 하려면 해당 파일을 유니코드 형식으로 저장하십시오.
C:\Users\hyo\Documents\GitHub\NMF\NMFproj\EX\include\opencv2/core/utility.hpp : warning C4819: 현재 코드 페이지(949)에서 표시할 수 없는 문자가 파일에 들어 있습니다. 데이터가 손실되지 않게 하려면 해당 파일을 유니코드 형식으로 저장하십시오.
C:\Users\hyo\Documents\GitHub\NMF\NMFproj\EX\include\opencv2/core/utility.hpp : warning C4819: 현재 코드 페이지(949)에서 표시할 수 없는 문자가 파일에 들어 있습니다. 데이터가 손실되지 않게 하려면 해당 파일을 유니코드 형식으로 저장하십시오.
c:\users\hyo\documents\github\nmf\nmfproj\ex\vMFtexture.h(48): warning C4018: '<': signed 또는 unsigned가 일치하지 않습니다.
main.cpp(1640): warning C4018: '<': signed 또는 unsigned가 일치하지 않습니다.
main.cpp(1643): warning C4477: 'printf' : 서식 문자열 '%ld'에 'long' 형식의 인수가 필요하지만 variadic 인수 2의 형식이 'double'입니다.
main.cpp(1643): warning C4473: 'printf': 서식 문자열에 대한 인수가 충분하게 전달되지 않았습니다.
  main.cpp(1643): note: 자리 표시자 및 해당 매개 변수에는 variadic 인수가 5개 필요하지만 4개가 제공되었습니다.
  main.cpp(1643): note: 누락된 variadic 인수 5이(가) 서식 문자열 '%f'에 필요합니다.
main.obj : error LNK2001: "bool __cdecl tinyobj::LoadObj(class std::vector<struct tinyobj::shape_t,class std::allocator<struct tinyobj::shape_t> > &,class std::vector<struct tinyobj::material_t,class std::allocator<struct tinyobj::material_t> > &,class std::basic_string<char,struct std::char_traits<char>,class std::allocator<char> > &,char const *,char const *,unsigned int)" (?LoadObj@tinyobj@@YA_NAAV?$vector@Ushape_t@tinyobj@@V?$allocator@Ushape_t@tinyobj@@@std@@@std@@AAV?$vector@Umaterial_t@tinyobj@@V?$allocator@Umaterial_t@tinyobj@@@std@@@3@AAV?$basic_string@DU?$char_traits@D@std@@V?$allocator@D@2@@3@PBD3I@Z) 외부 기호를 확인할 수 없습니다.
./bin/release/EX.exe : fatal error LNK1120: 1개의 확인할 수 없는 외부 참조입니다.
