Build started 2015-12-30 오후 3:14:54.
     1>Project "C:\Users\hyo\Desktop\NMFproj\NMF\NMF.vcxproj" on node 2 (Build target(s)).
     1>ClCompile:
         C:\Program Files (x86)\Microsoft Visual Studio 12.0\VC\bin\CL.exe /c /I./include /ZI /nologo /W3 /WX- /sdl /Od /Oy- /D _CRT_SECURE_NO_WARNINGS /D WIN32 /D _DEBUG /D _CONSOLE /D _LIB /D _UNICODE /D UNICODE /Gm /EHsc /RTC1 /MDd /GS /fp:precise /Zc:wchar_t /Zc:forScope /Fo"Debug\\" /Fd"Debug\vc120.pdb" /Gd /TP /analyze- /errorReport:prompt main.cpp
         main.cpp
     1>c:\users\hyo\desktop\nmfproj\nmf\include\obj_parser.h(18): warning C4091: 'typedef ' : ignored on left of 'obj_face' when no variable is declared
     1>c:\users\hyo\desktop\nmfproj\nmf\include\obj_parser.h(27): warning C4091: 'typedef ' : ignored on left of 'obj_sphere' when no variable is declared
     1>c:\users\hyo\desktop\nmfproj\nmf\include\obj_parser.h(36): warning C4091: 'typedef ' : ignored on left of 'obj_plane' when no variable is declared
     1>c:\users\hyo\desktop\nmfproj\nmf\include\obj_parser.h(41): warning C4091: 'typedef ' : ignored on left of 'obj_vector' when no variable is declared
     1>c:\users\hyo\desktop\nmfproj\nmf\include\obj_parser.h(57): warning C4091: 'typedef ' : ignored on left of 'obj_material' when no variable is declared
     1>c:\users\hyo\desktop\nmfproj\nmf\include\obj_parser.h(64): warning C4091: 'typedef ' : ignored on left of 'obj_camera' when no variable is declared
     1>c:\users\hyo\desktop\nmfproj\nmf\include\obj_parser.h(70): warning C4091: 'typedef ' : ignored on left of 'obj_light_point' when no variable is declared
     1>c:\users\hyo\desktop\nmfproj\nmf\include\obj_parser.h(77): warning C4091: 'typedef ' : ignored on left of 'obj_light_disc' when no variable is declared
     1>c:\users\hyo\desktop\nmfproj\nmf\include\obj_parser.h(83): warning C4091: 'typedef ' : ignored on left of 'obj_light_quad' when no variable is declared
     1>c:\users\hyo\desktop\nmfproj\nmf\include\obj_parser.h(106): warning C4091: 'typedef ' : ignored on left of 'obj_growable_scene_data' when no variable is declared
     1>c:\users\hyo\desktop\nmfproj\nmf\include\obj_parser.h(139): warning C4091: 'typedef ' : ignored on left of 'obj_scene_data' when no variable is declared
     1>c:\users\hyo\desktop\nmfproj\nmf\glslprogram.h(29): warning C4715: 'GLSLProgram::readFromFile' : not all control paths return a value
       Link:
         C:\Program Files (x86)\Microsoft Visual Studio 12.0\VC\bin\link.exe /ERRORREPORT:PROMPT /OUT:"./bin/NMF.exe" /INCREMENTAL /NOLOGO /LIBPATH:./lib FreeImage.lib glut32.lib glew32.lib kernel32.lib user32.lib gdi32.lib winspool.lib comdlg32.lib advapi32.lib shell32.lib ole32.lib oleaut32.lib uuid.lib odbc32.lib odbccp32.lib kernel32.lib user32.lib gdi32.lib winspool.lib comdlg32.lib advapi32.lib shell32.lib ole32.lib oleaut32.lib uuid.lib odbc32.lib odbccp32.lib /MANIFEST /MANIFESTUAC:"level='asInvoker' uiAccess='false'" /manifest:embed /DEBUG /PDB:"./bin/NMF.pdb" /SUBSYSTEM:CONSOLE /TLBID:1 /DYNAMICBASE /NXCOMPAT /IMPLIB:"./bin/NMF.lib" /MACHINE:X86 Debug\list.obj
         Debug\objLoader.obj
         Debug\obj_parser.obj
         Debug\string_extra.obj
         Debug\main.obj
         NMF.vcxproj -> C:\Users\hyo\Desktop\NMFproj\NMF\./bin/NMF.exe
     1>Done Building Project "C:\Users\hyo\Desktop\NMFproj\NMF\NMF.vcxproj" (Build target(s)).

Build succeeded.

Time Elapsed 00:00:00.84
