c:\users\hyo\documents\github\nmf\nmfproj\nmf\debug\vc120.pdb
c:\users\hyo\documents\github\nmf\nmfproj\nmf\debug\vc120.idb
c:\users\hyo\documents\github\nmf\nmfproj\nmf\debug\list.nativecodeanalysis.xml
c:\users\hyo\documents\github\nmf\nmfproj\nmf\debug\objloader.nativecodeanalysis.xml
c:\users\hyo\documents\github\nmf\nmfproj\nmf\debug\obj_parser.nativecodeanalysis.xml
c:\users\hyo\documents\github\nmf\nmfproj\nmf\debug\string_extra.nativecodeanalysis.xml
c:\users\hyo\documents\github\nmf\nmfproj\nmf\debug\main.nativecodeanalysis.xml
c:\users\hyo\documents\github\nmf\nmfproj\nmf\debug\main.obj
c:\users\hyo\documents\github\nmf\nmfproj\nmf\debug\string_extra.obj
c:\users\hyo\documents\github\nmf\nmfproj\nmf\debug\obj_parser.obj
c:\users\hyo\documents\github\nmf\nmfproj\nmf\debug\objloader.obj
c:\users\hyo\documents\github\nmf\nmfproj\nmf\debug\list.obj
e:\hyo\github\nmf\nmfproj\nmf\debug\vc120.pdb
e:\hyo\github\nmf\nmfproj\nmf\debug\vc120.idb
e:\hyo\github\nmf\nmfproj\nmf\debug\list.obj
e:\hyo\github\nmf\nmfproj\nmf\debug\objloader.obj
e:\hyo\github\nmf\nmfproj\nmf\debug\obj_parser.obj
e:\hyo\github\nmf\nmfproj\nmf\debug\string_extra.obj
e:\hyo\github\nmf\nmfproj\nmf\debug\main.obj
c:\users\hyo\documents\github\nmf\nmfproj\nmf\bin\nmf.ilk
c:\users\hyo\documents\github\nmf\nmfproj\nmf\bin\nmf.exe
c:\users\hyo\documents\github\nmf\nmfproj\nmf\bin\nmf.pdb
e:\hyo\github\nmf\nmfproj\nmf\bin\nmf.ilk
e:\hyo\github\nmf\nmfproj\nmf\bin\nmf.exe
e:\hyo\github\nmf\nmfproj\nmf\bin\nmf.pdb
c:\users\hyo\documents\github\nmf\nmfproj\nmf\debug\nativecodeanalysis.read.1.tlog
c:\users\hyo\documents\github\nmf\nmfproj\nmf\debug\vc.nativecodeanalysis.all.xml
c:\users\hyo\documents\github\nmf\nmfproj\nmf\./bin/nmf.exe
c:\users\hyo\documents\github\nmf\nmfproj\nmf\debug\nmf.tlog\cl.command.1.tlog
c:\users\hyo\documents\github\nmf\nmfproj\nmf\debug\nmf.tlog\cl.read.1.tlog
c:\users\hyo\documents\github\nmf\nmfproj\nmf\debug\nmf.tlog\cl.write.1.tlog
c:\users\hyo\documents\github\nmf\nmfproj\nmf\debug\nmf.tlog\link.command.1.tlog
c:\users\hyo\documents\github\nmf\nmfproj\nmf\debug\nmf.tlog\link.read.1.tlog
c:\users\hyo\documents\github\nmf\nmfproj\nmf\debug\nmf.tlog\link.write.1.tlog
